<?xml version="1.0" encoding="UTF-8"?>
<!-- Generated by org.testng.reporters.JUnitXMLReporter -->
<testsuite ignored="0" hostname="DESKTOP-QJ72VSE" failures="0" tests="4" name="Default test" time="32.654" errors="0" timestamp="2024-09-21T17:44:40 IST">
  <testcase classname="EntrataTests.EntrataTests.EntrataTests" name="validateHomePageTitle" time="0.101"/>
  <testcase classname="EntrataTests.EntrataTests.EntrataTests" name="validateProductMouseHover" time="0.342"/>
  <testcase classname="EntrataTests.EntrataTests.EntrataTests" name="validateFooterSection" time="7.365"/>
  <testcase classname="EntrataTests.EntrataTests.EntrataTests" name="validateInputForm" time="12.139"/>
</testsuite> <!-- Default test -->
