<?xml version="1.0" encoding="UTF-8"?>
<testng-results ignored="0" total="4" passed="4" failed="0" skipped="0">
  <reporter-output>
  </reporter-output>
  <suite started-at="2024-09-21T17:44:08 IST" name="Default suite" finished-at="2024-09-21T17:44:40 IST" duration-ms="32654">
    <groups>
    </groups>
    <test started-at="2024-09-21T17:44:08 IST" name="Default test" finished-at="2024-09-21T17:44:40 IST" duration-ms="32654">
      <class name="EntrataTests.EntrataTests.EntrataTests">
        <test-method is-config="true" signature="setup()[pri:0, instance:EntrataTests.EntrataTests.EntrataTests@229f66ed]" started-at="2024-09-21T17:44:08 IST" name="setup" finished-at="2024-09-21T17:44:20 IST" duration-ms="12595" status="PASS">
          <reporter-output>
          </reporter-output>
        </test-method> <!-- setup -->
        <test-method signature="validateHomePageTitle()[pri:1, instance:EntrataTests.EntrataTests.EntrataTests@229f66ed]" started-at="2024-09-21T17:44:20 IST" name="validateHomePageTitle" finished-at="2024-09-21T17:44:20 IST" duration-ms="101" status="PASS">
          <reporter-output>
          </reporter-output>
        </test-method> <!-- validateHomePageTitle -->
        <test-method signature="validateProductMouseHover()[pri:2, instance:EntrataTests.EntrataTests.EntrataTests@229f66ed]" started-at="2024-09-21T17:44:21 IST" name="validateProductMouseHover" finished-at="2024-09-21T17:44:21 IST" duration-ms="342" status="PASS">
          <reporter-output>
          </reporter-output>
        </test-method> <!-- validateProductMouseHover -->
        <test-method signature="validateFooterSection()[pri:3, instance:EntrataTests.EntrataTests.EntrataTests@229f66ed]" started-at="2024-09-21T17:44:21 IST" name="validateFooterSection" finished-at="2024-09-21T17:44:28 IST" duration-ms="7365" status="PASS">
          <reporter-output>
          </reporter-output>
        </test-method> <!-- validateFooterSection -->
        <test-method signature="validateInputForm()[pri:4, instance:EntrataTests.EntrataTests.EntrataTests@229f66ed]" started-at="2024-09-21T17:44:28 IST" name="validateInputForm" finished-at="2024-09-21T17:44:40 IST" duration-ms="12139" status="PASS">
          <reporter-output>
          </reporter-output>
        </test-method> <!-- validateInputForm -->
        <test-method is-config="true" signature="tearDown()[pri:0, instance:EntrataTests.EntrataTests.EntrataTests@229f66ed]" started-at="2024-09-21T17:44:40 IST" name="tearDown" finished-at="2024-09-21T17:44:41 IST" duration-ms="626" status="PASS">
          <reporter-output>
          </reporter-output>
        </test-method> <!-- tearDown -->
      </class> <!-- EntrataTests.EntrataTests.EntrataTests -->
    </test> <!-- Default test -->
  </suite> <!-- Default suite -->
</testng-results>
